<?xml version="1.0" encoding="ISO-8859-1" ?>
<!DOCTYPE html PUBLIC "-//W3C//DTD XHTML 1.0 Strict//EN"
"http://www.w3.org/TR/xhtml1/DTD/xhtml1-strict.dtd">
<html xmlns="http://www.w3.org/1999/xhtml" xml:lang="en" lang="en">
<head>
  <meta http-equiv="Content-Type" content="text/html;charset=utf-8" />
  <meta name="description" content="TestNG unit test results." />
  <link href="css/bootstrap.min.css" rel="stylesheet" />
  <link href="css/reportngClass.css" rel="stylesheet" />
  <script type="text/javascript" src="js/reportngClass.js"></script>
  <script type="text/javascript" src="js/jquery-1.4.4.min.js"></script> 
  <script type="text/javascript" src="js/jquery.tablesorter.min.js"></script>
  <script type="text/javascript" src="js/json-min.js"></script>
  <script type="text/javascript">
	$(document).ready(function(){
		$('.tablesorter').tablesorter({sortList: [[0,0]]});
	});
  </script>
</head>
<body onload="doParse(); return false;" onkeypress="collapseExpand();">
<div class="well well-large">
	<b>Test Info</>
	<table class="table">
	  <tr>
	    <th>Test Name : </th>
	    <th>
	    	<div class="tooltipCustom">
	    		<img src="images/copy.png" width="10" height="15" alt="Copy to Clipboard" onclick="copyToClipboard('#testNameId')"/>
	    		<span class="tooltiptextCustom">Copy Test name</span>
			</div>
	    </th>
	    <th id="testNameId">Etsy-Ui-Automation_With-Selenium</th> 
	  </tr>
	  <tr>
	    <th>Test Class : </th>
	    <th>
	    	<div class="tooltipCustom">
	    		<img src="images/copy.png" width="10" height="15" alt="Copy to Clipboard" onclick="copyToClipboard('#testClassId')"/>
	    		<span class="tooltiptextCustom">Copy full path Class name</span>
			</div>
	    	<div class="tooltipCustom">
	    		<img src="images/copy.png" width="10" height="15" alt="Copy to Clipboard" onclick="copyToClipboard('#testClassNameId')"/>
	    		<span class="tooltiptextCustom">Copy Class name</span>
			</div>
	    </th> 
	    <th id="testClassId">pl.globallogic.wdcapabilities.SelectHandlingDemoTest</th>
	    <th id="testClassNameId" hidden="true">SelectHandlingDemoTest</th>
	  </tr>
	  <tr>
	    <th>Suite Name : </th>
	    <th>
	    	<div class="tooltipCustom">
	    		<img src="images/copy.png" width="10" height="15" alt="Copy to Clipboard" onclick="copyToClipboard('#suiteNameId')"/>
	    		<span class="tooltiptextCustom">Copy Suite name</span>
			</div>
		</th>
	    <th id="suiteNameId">Default Suite</th>
	  </tr>
	  <tr>
	    <th>Suite XML : </th>
	    <th>
	    	<div class="tooltipCustom">
	    		<img src="images/copy.png" width="10" height="15" alt="Copy to Clipboard" onclick="copyToClipboard('#suiteXMLId')"/>
	    		<span class="tooltiptextCustom">Copy Suite full path name</span>
			</div>
	    	<div class="tooltipCustom">
	    		<img src="images/copy.png" width="10" height="15" alt="Copy to Clipboard" onclick="copyToClipboard('#suiteXMLNameId')"/>
	    		<span class="tooltiptextCustom">Copy Suite file name</span>
			</div>
	    </th> 
	  	<th id="suiteXMLId">C:\Users\dawid.nakrewicz\AppData\Local\JetBrains\IdeaIC2023.2\temp-testng-customsuite.xml</th>
	  	<th id="suiteXMLNameId" hidden="true">temp-testng-customsuite.xml</th>
	  </tr>
	  	  <tr>
	    <th>Total Time : </th>
	    <th></th>
	    <th>00:00:13</th> 
	  </tr>
	  <tr>
	    <th>Total Steps : </th>
	   	<th></th>
	    <th>1</th> 
	  </tr>
	  <tr>
	    <th>Status : </th>
	    <th></th>
	    <th><font color="yellow">SKIP</font></th> 
	  </tr>
	</table>
</div>
<div class="well well-large">
	<div class="row">
		<div class="col-xs-12">
	        <div class="text-right">
	            <button id="hideResults" type="button" class="btn-danger" onclick="collapseExpand(this);" onkeypress="collapseExpand(this);" class="btn pull-right" title="Click or Press Any key to collapse/expand All Failed Tests and Configuration Methods">Show Only Failures</button>
	        </div>
	    </div>
	</div>
	<table class="tablesorter" border="1">
		<thead>
		<tr>
		<th class="headerTime">Time</th>
		<th class="headerTime" width="12%">Info</th>
		<th class="headerTime" width="88%">Test</th>
		</tr>
		</thead>
		<tbody>
		
									<tr>
		<td class="time">1694526179722</td>
		<td class="header failedConfig" colspan="4" onClick="toggleElement('a8dbbc27-d478-44e7-97f6-db0387f8017f','block');changeSingleIcon('span-a8dbbc27-d478-44e7-97f6-db0387f8017f');" title="Click to expand/collapse" style="cursor: pointer;">
		<div style="float:left;"><i>Class&nbsp;:&nbsp;</i>pl.globallogic.wdcapabilities.SelectHandlingDemoTest</div>
		<div style="float:right;">@AfterMethod &nbsp;&nbsp;<span id='span-a8dbbc27-d478-44e7-97f6-db0387f8017f' class="glyphicon glyphicon-menu-down"></span></div>
		</td>
	</tr>
			<tr>
		<td class="time">1694526179722</td>
		<td class="methodConfiguration">
				<span class="description"><b>Class: </b>class pl.globallogic.wdcapabilities.BaseCapabilitiesDemoTest</span><br>
		<span class="description"><b>Method: </b>cleanUp</span><br>
				<span class="duration"><b>Duration: </b>0.001s</span><br>
		</td>
		<td class="resultConfiguration">
										<div class="stackTrace" id="a8dbbc27-d478-44e7-97f6-db0387f8017f">
								<a href="javascript:toggleElement('exception-a8dbbc27-d478-44e7-97f6-db0387f8017f','block')" title="Click to expand/collapse"><b>java.lang.NullPointerException: Cannot invoke &quot;org.openqa.selenium.WebDriver.quit()&quot; because &quot;this.driver&quot; is null</b></a><br>
		    <div class="stackTrace" id="exception-a8dbbc27-d478-44e7-97f6-db0387f8017f">
							pl.globallogic.wdcapabilities.BaseCapabilitiesDemoTest.cleanUp(BaseCapabilitiesDemoTest.java:48)<br>
							java.base/jdk.internal.reflect.DirectMethodHandleAccessor.invoke(DirectMethodHandleAccessor.java:104)<br>
							java.base/java.lang.reflect.Method.invoke(Method.java:578)<br>
							org.testng.internal.invokers.MethodInvocationHelper.invokeMethod(MethodInvocationHelper.java:139)<br>
							org.testng.internal.invokers.MethodInvocationHelper.invokeMethodConsideringTimeout(MethodInvocationHelper.java:69)<br>
							org.testng.internal.invokers.ConfigInvoker.invokeConfigurationMethod(ConfigInvoker.java:390)<br>
							org.testng.internal.invokers.ConfigInvoker.invokeConfigurations(ConfigInvoker.java:325)<br>
							org.testng.internal.invokers.TestInvoker.runConfigMethods(TestInvoker.java:810)<br>
							org.testng.internal.invokers.TestInvoker.runAfterConfigurations(TestInvoker.java:779)<br>
							org.testng.internal.invokers.TestInvoker.invokeMethod(TestInvoker.java:600)<br>
							org.testng.internal.invokers.TestInvoker.invokeTestMethod(TestInvoker.java:227)<br>
							org.testng.internal.invokers.MethodRunner.runInSequence(MethodRunner.java:50)<br>
							org.testng.internal.invokers.TestInvoker$MethodInvocationAgent.invoke(TestInvoker.java:957)<br>
							org.testng.internal.invokers.TestInvoker.invokeTestMethods(TestInvoker.java:200)<br>
							org.testng.internal.invokers.TestMethodWorker.invokeTestMethods(TestMethodWorker.java:148)<br>
							org.testng.internal.invokers.TestMethodWorker.run(TestMethodWorker.java:128)<br>
							java.base/java.util.ArrayList.forEach(ArrayList.java:1511)<br>
							org.testng.TestRunner.privateRun(TestRunner.java:848)<br>
							org.testng.TestRunner.run(TestRunner.java:621)<br>
							org.testng.SuiteRunner.runTest(SuiteRunner.java:443)<br>
							org.testng.SuiteRunner.runSequentially(SuiteRunner.java:437)<br>
							org.testng.SuiteRunner.privateRun(SuiteRunner.java:397)<br>
							org.testng.SuiteRunner.run(SuiteRunner.java:336)<br>
							org.testng.SuiteRunnerWorker.runSuite(SuiteRunnerWorker.java:52)<br>
							org.testng.SuiteRunnerWorker.run(SuiteRunnerWorker.java:95)<br>
							org.testng.TestNG.runSuitesSequentially(TestNG.java:1280)<br>
							org.testng.TestNG.runSuitesLocally(TestNG.java:1200)<br>
							org.testng.TestNG.runSuites(TestNG.java:1114)<br>
							org.testng.TestNG.run(TestNG.java:1082)<br>
							com.intellij.rt.testng.IDEARemoteTestNG.run(IDEARemoteTestNG.java:66)<br>
							com.intellij.rt.testng.RemoteTestNGStarter.main(RemoteTestNGStarter.java:105)<br>
									</div>
				</div>
		</td>
	</tr>
			<tr>
		<td class="time">1694526166427</td>
		<td class="header failedConfig" colspan="4" onClick="toggleElement('5c2f6672-d0b7-4a87-abe1-2cee1612c332','block');changeSingleIcon('span-5c2f6672-d0b7-4a87-abe1-2cee1612c332');" title="Click to expand/collapse" style="cursor: pointer;">
		<div style="float:left;"><i>Class&nbsp;:&nbsp;</i>pl.globallogic.wdcapabilities.SelectHandlingDemoTest</div>
		<div style="float:right;">@BeforeMethod &nbsp;&nbsp;<span id='span-5c2f6672-d0b7-4a87-abe1-2cee1612c332' class="glyphicon glyphicon-menu-down"></span></div>
		</td>
	</tr>
			<tr>
		<td class="time">1694526166427</td>
		<td class="methodConfiguration">
				<span class="description"><b>Class: </b>class pl.globallogic.wdcapabilities.BaseCapabilitiesDemoTest</span><br>
		<span class="description"><b>Method: </b>setUp</span><br>
				<span class="duration"><b>Duration: </b>13.276s</span><br>
		</td>
		<td class="resultConfiguration">
										<div class="stackTrace" id="5c2f6672-d0b7-4a87-abe1-2cee1612c332">
								<a href="javascript:toggleElement('exception-5c2f6672-d0b7-4a87-abe1-2cee1612c332','block')" title="Click to expand/collapse"><b>org.openqa.selenium.remote.http.ConnectionFailedException: Unable to establish websocket connection to http://localhost:60160/devtools/browser/9de1ef84-0ef1-4dc3-8db6-827c722f1683<br/>
Build info: version: &apos;4.7.0&apos;, revision: &apos;0a5b49d16f&apos;<br/>
System info: os.name: &apos;Windows 10&apos;, os.arch: &apos;amd64&apos;, os.version: &apos;10.0&apos;, java.version: &apos;20.0.2&apos;<br/>
Driver info: driver.version: ChromeDriver</b></a><br>
		    <div class="stackTrace" id="exception-5c2f6672-d0b7-4a87-abe1-2cee1612c332">
							org.openqa.selenium.remote.http.netty.NettyWebSocket.&lt;init&gt;(NettyWebSocket.java:102)<br>
							org.openqa.selenium.remote.http.netty.NettyWebSocket.lambda$create$3(NettyWebSocket.java:128)<br>
							org.openqa.selenium.remote.http.netty.NettyClient.openSocket(NettyClient.java:107)<br>
							org.openqa.selenium.devtools.Connection.&lt;init&gt;(Connection.java:77)<br>
							org.openqa.selenium.chromium.ChromiumDriver.lambda$new$2(ChromiumDriver.java:116)<br>
							java.base/java.util.Optional.map(Optional.java:260)<br>
							org.openqa.selenium.chromium.ChromiumDriver.&lt;init&gt;(ChromiumDriver.java:114)<br>
							org.openqa.selenium.chrome.ChromeDriver.&lt;init&gt;(ChromeDriver.java:81)<br>
							org.openqa.selenium.chrome.ChromeDriver.&lt;init&gt;(ChromeDriver.java:49)<br>
							pl.globallogic.config.OurWebDriverManager.getConfiguredWebDriver(OurWebDriverManager.java:22)<br>
							pl.globallogic.wdcapabilities.BaseCapabilitiesDemoTest.setUp(BaseCapabilitiesDemoTest.java:43)<br>
							java.base/jdk.internal.reflect.DirectMethodHandleAccessor.invoke(DirectMethodHandleAccessor.java:104)<br>
							java.base/java.lang.reflect.Method.invoke(Method.java:578)<br>
							org.testng.internal.invokers.MethodInvocationHelper.invokeMethod(MethodInvocationHelper.java:139)<br>
							org.testng.internal.invokers.MethodInvocationHelper.invokeMethodConsideringTimeout(MethodInvocationHelper.java:69)<br>
							org.testng.internal.invokers.ConfigInvoker.invokeConfigurationMethod(ConfigInvoker.java:390)<br>
							org.testng.internal.invokers.ConfigInvoker.invokeConfigurations(ConfigInvoker.java:325)<br>
							org.testng.internal.invokers.TestInvoker.runConfigMethods(TestInvoker.java:810)<br>
							org.testng.internal.invokers.TestInvoker.invokeMethod(TestInvoker.java:577)<br>
							org.testng.internal.invokers.TestInvoker.invokeTestMethod(TestInvoker.java:227)<br>
							org.testng.internal.invokers.MethodRunner.runInSequence(MethodRunner.java:50)<br>
							org.testng.internal.invokers.TestInvoker$MethodInvocationAgent.invoke(TestInvoker.java:957)<br>
							org.testng.internal.invokers.TestInvoker.invokeTestMethods(TestInvoker.java:200)<br>
							org.testng.internal.invokers.TestMethodWorker.invokeTestMethods(TestMethodWorker.java:148)<br>
							org.testng.internal.invokers.TestMethodWorker.run(TestMethodWorker.java:128)<br>
							java.base/java.util.ArrayList.forEach(ArrayList.java:1511)<br>
							org.testng.TestRunner.privateRun(TestRunner.java:848)<br>
							org.testng.TestRunner.run(TestRunner.java:621)<br>
							org.testng.SuiteRunner.runTest(SuiteRunner.java:443)<br>
							org.testng.SuiteRunner.runSequentially(SuiteRunner.java:437)<br>
							org.testng.SuiteRunner.privateRun(SuiteRunner.java:397)<br>
							org.testng.SuiteRunner.run(SuiteRunner.java:336)<br>
							org.testng.SuiteRunnerWorker.runSuite(SuiteRunnerWorker.java:52)<br>
							org.testng.SuiteRunnerWorker.run(SuiteRunnerWorker.java:95)<br>
							org.testng.TestNG.runSuitesSequentially(TestNG.java:1280)<br>
							org.testng.TestNG.runSuitesLocally(TestNG.java:1200)<br>
							org.testng.TestNG.runSuites(TestNG.java:1114)<br>
							org.testng.TestNG.run(TestNG.java:1082)<br>
							com.intellij.rt.testng.IDEARemoteTestNG.run(IDEARemoteTestNG.java:66)<br>
							com.intellij.rt.testng.RemoteTestNGStarter.main(RemoteTestNGStarter.java:105)<br>
									</div>
				</div>
		</td>
	</tr>
						
					    				<tr>
		<td class="time">1694526179728</td>
		<td class="header skippedConfig" colspan="4" onClick="toggleElement('aaf30aa8-fd7d-467e-9fb6-ca2be7d20a4d','block');changeSingleIcon('span-aaf30aa8-fd7d-467e-9fb6-ca2be7d20a4d');" title="Click to expand/collapse">
		<div style="float:left;"><i>Class&nbsp;:&nbsp;</i>pl.globallogic.wdcapabilities.SelectHandlingDemoTest</div>
		<div style="float:right;">@AfterClass &nbsp;&nbsp;<span id='span-aaf30aa8-fd7d-467e-9fb6-ca2be7d20a4d' class="glyphicon glyphicon-menu-down"></span></div>
		</td>
	</tr>
		<tr>
		<td class="time">1694526179728</td>
		<td class="methodConfiguration">
				<span class="description"><b>Class: </b>class pl.globallogic.wdcapabilities.BaseCapabilitiesDemoTest</span><br>
		<span class="description"><b>Method: </b>globalCleanUp</span><br>
				<span class="duration"><b>Duration: </b>0.000s</span><br>
		</td>
		<td class="resultConfiguration">
				 														<div class="stackTrace" id="aaf30aa8-fd7d-467e-9fb6-ca2be7d20a4d">
							</div>
		</td>
	</tr>
	    	    		
												
				
											<tr>
	<td class="time">1694526179719</td>
	<td class="header skipped" colspan="4" onClick="toggleElement('a14fe5d4-71ca-4d09-8b1b-1d5cd656d291','block');changeSingleIcon('span-a14fe5d4-71ca-4d09-8b1b-1d5cd656d291');" title="Click to expand/collapse" style="cursor: pointer;">
	<div style="float:left;"><i>Class&nbsp;:&nbsp;</i>pl.globallogic.wdcapabilities.SelectHandlingDemoTest</div>
	<div style="float:right;">@Test @ with DataProvider : [""] &nbsp;&nbsp;<span id='span-a14fe5d4-71ca-4d09-8b1b-1d5cd656d291' class="glyphicon glyphicon-menu-down"></span></div>
	</td>
	</tr>
<tr>
	<td class="time">1694526179719</td>
	<td class="methodTest">
		<span class="description"><b>Method: </b>shouldSelectOptionByVisibleTextInDropdown</span><br>
			<span class="description"><b>Description: </b></span><br>
							<span class="duration"><b>Duration: </b>0.000s</span><br>
	</td>
	<td class="result">
		 									<div class="stackTrace" id="a14fe5d4-71ca-4d09-8b1b-1d5cd656d291" style="display: block;">
						<a href="javascript:toggleElement('exception-a14fe5d4-71ca-4d09-8b1b-1d5cd656d291','block')" title="Click to expand/collapse"><b>org.openqa.selenium.remote.http.ConnectionFailedException: Unable to establish websocket connection to http://localhost:60160/devtools/browser/9de1ef84-0ef1-4dc3-8db6-827c722f1683<br/>
Build info: version: &apos;4.7.0&apos;, revision: &apos;0a5b49d16f&apos;<br/>
System info: os.name: &apos;Windows 10&apos;, os.arch: &apos;amd64&apos;, os.version: &apos;10.0&apos;, java.version: &apos;20.0.2&apos;<br/>
Driver info: driver.version: ChromeDriver</b></a><br/>
		<div class="stackTrace" id="exception-a14fe5d4-71ca-4d09-8b1b-1d5cd656d291">
					org.openqa.selenium.remote.http.netty.NettyWebSocket.&lt;init&gt;(NettyWebSocket.java:102)<br/>
					org.openqa.selenium.remote.http.netty.NettyWebSocket.lambda$create$3(NettyWebSocket.java:128)<br/>
					org.openqa.selenium.remote.http.netty.NettyClient.openSocket(NettyClient.java:107)<br/>
					org.openqa.selenium.devtools.Connection.&lt;init&gt;(Connection.java:77)<br/>
					org.openqa.selenium.chromium.ChromiumDriver.lambda$new$2(ChromiumDriver.java:116)<br/>
					java.base/java.util.Optional.map(Optional.java:260)<br/>
					org.openqa.selenium.chromium.ChromiumDriver.&lt;init&gt;(ChromiumDriver.java:114)<br/>
					org.openqa.selenium.chrome.ChromeDriver.&lt;init&gt;(ChromeDriver.java:81)<br/>
					org.openqa.selenium.chrome.ChromeDriver.&lt;init&gt;(ChromeDriver.java:49)<br/>
					pl.globallogic.config.OurWebDriverManager.getConfiguredWebDriver(OurWebDriverManager.java:22)<br/>
					pl.globallogic.wdcapabilities.BaseCapabilitiesDemoTest.setUp(BaseCapabilitiesDemoTest.java:43)<br/>
					java.base/jdk.internal.reflect.DirectMethodHandleAccessor.invoke(DirectMethodHandleAccessor.java:104)<br/>
					java.base/java.lang.reflect.Method.invoke(Method.java:578)<br/>
					org.testng.internal.invokers.MethodInvocationHelper.invokeMethod(MethodInvocationHelper.java:139)<br/>
					org.testng.internal.invokers.MethodInvocationHelper.invokeMethodConsideringTimeout(MethodInvocationHelper.java:69)<br/>
					org.testng.internal.invokers.ConfigInvoker.invokeConfigurationMethod(ConfigInvoker.java:390)<br/>
					org.testng.internal.invokers.ConfigInvoker.invokeConfigurations(ConfigInvoker.java:325)<br/>
					org.testng.internal.invokers.TestInvoker.runConfigMethods(TestInvoker.java:810)<br/>
					org.testng.internal.invokers.TestInvoker.invokeMethod(TestInvoker.java:577)<br/>
					org.testng.internal.invokers.TestInvoker.invokeTestMethod(TestInvoker.java:227)<br/>
					org.testng.internal.invokers.MethodRunner.runInSequence(MethodRunner.java:50)<br/>
					org.testng.internal.invokers.TestInvoker$MethodInvocationAgent.invoke(TestInvoker.java:957)<br/>
					org.testng.internal.invokers.TestInvoker.invokeTestMethods(TestInvoker.java:200)<br/>
					org.testng.internal.invokers.TestMethodWorker.invokeTestMethods(TestMethodWorker.java:148)<br/>
					org.testng.internal.invokers.TestMethodWorker.run(TestMethodWorker.java:128)<br/>
					java.base/java.util.ArrayList.forEach(ArrayList.java:1511)<br/>
					org.testng.TestRunner.privateRun(TestRunner.java:848)<br/>
					org.testng.TestRunner.run(TestRunner.java:621)<br/>
					org.testng.SuiteRunner.runTest(SuiteRunner.java:443)<br/>
					org.testng.SuiteRunner.runSequentially(SuiteRunner.java:437)<br/>
					org.testng.SuiteRunner.privateRun(SuiteRunner.java:397)<br/>
					org.testng.SuiteRunner.run(SuiteRunner.java:336)<br/>
					org.testng.SuiteRunnerWorker.runSuite(SuiteRunnerWorker.java:52)<br/>
					org.testng.SuiteRunnerWorker.run(SuiteRunnerWorker.java:95)<br/>
					org.testng.TestNG.runSuitesSequentially(TestNG.java:1280)<br/>
					org.testng.TestNG.runSuitesLocally(TestNG.java:1200)<br/>
					org.testng.TestNG.runSuites(TestNG.java:1114)<br/>
					org.testng.TestNG.run(TestNG.java:1082)<br/>
					com.intellij.rt.testng.IDEARemoteTestNG.run(IDEARemoteTestNG.java:66)<br/>
					com.intellij.rt.testng.RemoteTestNGStarter.main(RemoteTestNGStarter.java:105)<br/>
						</div>
		</td>
	</div>
</tr>
						
			  
	</tbody>
	</table>
</div>
</body>
</html>
